# JRE version: OpenJDK Runtime Environment Homebrew (11.0.29) (build 11.0.29+0)
# Java VM: OpenJDK 64-Bit Server VM Homebrew (11.0.29+0, mixed mode, tiered, compressed oops, g1 gc, bsd-aarch64)
Heap:
 garbage-first heap   total 158720K, used 52120K [0x00000006c0000000, 0x00000007c0000000)
  region size 1024K, 26 young (26624K), 2 survivors (2048K)
 Metaspace       used 27233K, capacity 27774K, committed 28032K, reserved 1073152K
  class space    used 3377K, capacity 3624K, committed 3712K, reserved 1048576K
GC Heap History (20 events):
Event: 0.195 GC heap before
{Heap before GC invocations=0 (full 0):
 garbage-first heap   total 262144K, used 29696K [0x00000006c0000000, 0x00000007c0000000)
  region size 1024K, 24 young (24576K), 0 survivors (0K)
 Metaspace       used 7370K, capacity 7551K, committed 7680K, reserved 1056768K
  class space    used 667K, capacity 732K, committed 768K, reserved 1048576K
}
Event: 0.196 GC heap after
{Heap after GC invocations=1 (full 0):
 garbage-first heap   total 262144K, used 14326K [0x00000006c0000000, 0x00000007c0000000)
  region size 1024K, 3 young (3072K), 3 survivors (3072K)
 Metaspace       used 7370K, capacity 7551K, committed 7680K, reserved 1056768K
  class space    used 667K, capacity 732K, committed 768K, reserved 1048576K
}
Event: 0.231 GC heap before
{Heap before GC invocations=1 (full 0):
 garbage-first heap   total 262144K, used 19446K [0x00000006c0000000, 0x00000007c0000000)
  region size 1024K, 9 young (9216K), 3 survivors (3072K)
 Metaspace       used 7472K, capacity 7647K, committed 7680K, reserved 1056768K
  class space    used 671K, capacity 764K, committed 768K, reserved 1048576K
}
Event: 0.234 GC heap after
{Heap after GC invocations=2 (full 1):
 garbage-first heap   total 55296K, used 13906K [0x00000006c0000000, 0x00000007c0000000)
  region size 1024K, 0 young (0K), 0 survivors (0K)
 Metaspace       used 7472K, capacity 7647K, committed 7680K, reserved 1056768K
  class space    used 671K, capacity 764K, committed 768K, reserved 1048576K
}
Event: 0.306 GC heap before
{Heap before GC invocations=2 (full 1):
 garbage-first heap   total 55296K, used 31314K [0x00000006c0000000, 0x00000007c0000000)
  region size 1024K, 17 young (17408K), 0 survivors (0K)
 Metaspace       used 8634K, capacity 8802K, committed 9088K, reserved 1056768K
  class space    used 769K, capacity 847K, committed 896K, reserved 1048576K
}
Event: 0.307 GC heap after
{Heap after GC invocations=3 (full 1):
 garbage-first heap   total 55296K, used 15791K [0x00000006c0000000, 0x00000007c0000000)
  region size 1024K, 2 young (2048K), 2 survivors (2048K)
 Metaspace       used 8634K, capacity 8802K, committed 9088K, reserved 1056768K
  class space    used 769K, capacity 847K, committed 896K, reserved 1048576K
}
Event: 0.318 GC heap before
{Heap before GC invocations=3 (full 1):
 garbage-first heap   total 55296K, used 33199K [0x00000006c0000000, 0x00000007c0000000)
  region size 1024K, 19 young (19456K), 2 survivors (2048K)
 Metaspace       used 8650K, capacity 8802K, committed 9088K, reserved 1056768K
  class space    used 769K, capacity 847K, committed 896K, reserved 1048576K
}
Event: 0.319 GC heap after
{Heap after GC invocations=4 (full 1):
 garbage-first heap   total 55296K, used 17318K [0x00000006c0000000, 0x00000007c0000000)
  region size 1024K, 2 young (2048K), 2 survivors (2048K)
 Metaspace       used 8650K, capacity 8802K, committed 9088K, reserved 1056768K
  class space    used 769K, capacity 847K, committed 896K, reserved 1048576K
}
Event: 0.404 GC heap before
{Heap before GC invocations=4 (full 1):
 garbage-first heap   total 55296K, used 34726K [0x00000006c0000000, 0x00000007c0000000)
  region size 1024K, 18 young (18432K), 2 survivors (2048K)
 Metaspace       used 9882K, capacity 10217K, committed 10240K, reserved 1058816K
  class space    used 882K, capacity 1003K, committed 1024K, reserved 1048576K
}
Event: 0.414 GC heap after
{Heap after GC invocations=5 (full 2):
 garbage-first heap   total 55296K, used 24227K [0x00000006c0000000, 0x00000007c0000000)
  region size 1024K, 0 young (0K), 0 survivors (0K)
 Metaspace       used 9882K, capacity 10217K, committed 10240K, reserved 1058816K
  class space    used 882K, capacity 1003K, committed 1024K, reserved 1048576K
}
Event: 0.605 GC heap before
{Heap before GC invocations=5 (full 2):
 garbage-first heap   total 55296K, used 38563K [0x00000006c0000000, 0x00000007c0000000)
  region size 1024K, 15 young (15360K), 0 survivors (0K)
 Metaspace       used 15056K, capacity 15312K, committed 15616K, reserved 1062912K
  class space    used 1603K, capacity 1724K, committed 1792K, reserved 1048576K
}
Event: 0.605 GC heap after
{Heap after GC invocations=6 (full 2):
 garbage-first heap   total 55296K, used 25146K [0x00000006c0000000, 0x00000007c0000000)
  region size 1024K, 1 young (1024K), 1 survivors (1024K)
 Metaspace       used 15056K, capacity 15312K, committed 15616K, reserved 1062912K
  class space    used 1603K, capacity 1724K, committed 1792K, reserved 1048576K
}
Event: 0.629 GC heap before
{Heap before GC invocations=7 (full 2):
 garbage-first heap   total 55296K, used 27194K [0x00000006c0000000, 0x00000007c0000000)
  region size 1024K, 4 young (4096K), 1 survivors (1024K)
 Metaspace       used 15826K, capacity 16084K, committed 16384K, reserved 1062912K
  class space    used 1865K, capacity 1966K, committed 2048K, reserved 1048576K
}
Event: 0.638 GC heap after
{Heap after GC invocations=8 (full 3):
 garbage-first heap   total 55296K, used 25155K [0x00000006c0000000, 0x00000007c0000000)
  region size 1024K, 0 young (0K), 0 survivors (0K)
 Metaspace       used 15826K, capacity 16084K, committed 16384K, reserved 1062912K
  class space    used 1865K, capacity 1966K, committed 2048K, reserved 1048576K
}
Event: 0.784 GC heap before
{Heap before GC invocations=8 (full 3):
 garbage-first heap   total 55296K, used 39491K [0x00000006c0000000, 0x00000007c0000000)
  region size 1024K, 15 young (15360K), 0 survivors (0K)
 Metaspace       used 20856K, capacity 21292K, committed 21632K, reserved 1069056K
  class space    used 2636K, capacity 2831K, committed 2944K, reserved 1048576K
}
Event: 0.785 GC heap after
{Heap after GC invocations=9 (full 3):
 garbage-first heap   total 55296K, used 26330K [0x00000006c0000000, 0x00000007c0000000)
  region size 1024K, 2 young (2048K), 2 survivors (2048K)
 Metaspace       used 20856K, capacity 21292K, committed 21632K, reserved 1069056K
  class space    used 2636K, capacity 2831K, committed 2944K, reserved 1048576K
}
Event: 0.811 GC heap before
{Heap before GC invocations=10 (full 3):
 garbage-first heap   total 55296K, used 27354K [0x00000006c0000000, 0x00000007c0000000)
  region size 1024K, 4 young (4096K), 2 survivors (2048K)
 Metaspace       used 21873K, capacity 22367K, committed 22528K, reserved 1069056K
  class space    used 2759K, capacity 2977K, committed 3072K, reserved 1048576K
}
Event: 0.819 GC heap after
{Heap after GC invocations=11 (full 4):
 garbage-first heap   total 55296K, used 26635K [0x00000006c0000000, 0x00000007c0000000)
  region size 1024K, 0 young (0K), 0 survivors (0K)
 Metaspace       used 21873K, capacity 22367K, committed 22528K, reserved 1069056K
  class space    used 2759K, capacity 2977K, committed 3072K, reserved 1048576K
}
Event: 3856.215 GC heap before
{Heap before GC invocations=11 (full 4):
 garbage-first heap   total 55296K, used 40971K [0x00000006c0000000, 0x00000007c0000000)
  region size 1024K, 15 young (15360K), 0 survivors (0K)
 Metaspace       used 27228K, capacity 27774K, committed 28032K, reserved 1073152K
  class space    used 3377K, capacity 3624K, committed 3712K, reserved 1048576K
}
Event: 3856.232 GC heap after
{Heap after GC invocations=12 (full 4):
 garbage-first heap   total 158720K, used 28568K [0x00000006c0000000, 0x00000007c0000000)
  region size 1024K, 2 young (2048K), 2 survivors (2048K)
 Metaspace       used 27228K, capacity 27774K, committed 28032K, reserved 1073152K
  class space    used 3377K, capacity 3624K, committed 3712K, reserved 1048576K
}

